<?xml version="1.0" encoding="UTF-8"?>
<testsuite name="com.tw.MoneyTest" tests="4" skipped="0" failures="0" errors="0" timestamp="2021-12-05T04:55:07" hostname="admins-MBP.domain.name" time="0.029">
  <properties/>
  <testcase name="shouldCheckMoneyIsAddedToWallet()" classname="com.tw.MoneyTest" time="0.022"/>
  <testcase name="shouldReturnOneHundredTwentyFourPointEightFiveRupeesIfWalletHasFiftyRupeesAndOneDollar()" classname="com.tw.MoneyTest" time="0.0"/>
  <testcase name="shouldReturnSixtyFivePointEightFive()" classname="com.tw.MoneyTest" time="0.0"/>
  <testcase name="shouldReturnFourDollarIfWalletHasSeventyFourPointEightFiveRupeesAndOneDollarAndOneFortyNinePointSeven()" classname="com.tw.MoneyTest" time="0.004"/>
  <system-out><![CDATA[299.4
]]></system-out>
  <system-err><![CDATA[]]></system-err>
</testsuite>
